<?xml version="1.0" encoding="UTF-8"?>
<!-- Generated by org.testng.reporters.JUnitXMLReporter -->
<testsuite hostname="Ayaz-PC" name="mobileAdd" tests="2" failures="0" timestamp="23 Apr 2017 10:16:45 GMT" time="23.315" errors="0">
  <testcase name="nonAutomatedBuyFlow (Firefox)" time="22.935" classname="com.olx.submitAdd.TestCase_mobileAdd"/>
  <testcase name="nonAutomatedBuyFlow (IE)" time="0.003" classname="com.olx.submitAdd.TestCase_mobileAdd">
    <skipped/>
  </testcase> <!-- nonAutomatedBuyFlow (IE) -->
</testsuite> <!-- mobileAdd -->
